Flow report for RISC-V-Single-Cycle-VHDL
Fri Aug 26 03:46:17 2022
Quartus Prime Version 18.1.0 Build 625 09/12/2018 SJ Lite Edition


---------------------
; Table of Contents ;
---------------------
  1. Legal Notice
  2. Flow Summary
  3. Flow Settings
  4. Flow Non-Default Global Settings
  5. Flow Elapsed Time
  6. Flow OS Summary
  7. Flow Log
  8. Flow Messages
  9. Flow Suppressed Messages



----------------
; Legal Notice ;
----------------
Copyright (C) 2018  Intel Corporation. All rights reserved.
Your use of Intel Corporation's design tools, logic functions 
and other software and tools, and its AMPP partner logic 
functions, and any output files from any of the foregoing 
(including device programming or simulation files), and any 
associated documentation or information are expressly subject 
to the terms and conditions of the Intel Program License 
Subscription Agreement, the Intel Quartus Prime License Agreement,
the Intel FPGA IP License Agreement, or other applicable license
agreement, including, without limitation, that your use is for
the sole purpose of programming logic devices manufactured by
Intel and sold by Intel or its authorized distributors.  Please
refer to the applicable agreement for further details.



+----------------------------------------------------------------------------------+
; Flow Summary                                                                     ;
+------------------------------------+---------------------------------------------+
; Flow Status                        ; Successful - Fri Aug 26 03:46:08 2022       ;
; Quartus Prime Version              ; 18.1.0 Build 625 09/12/2018 SJ Lite Edition ;
; Revision Name                      ; RISC-V-Single-Cycle-VHDL                    ;
; Top-level Entity Name              ; top                                         ;
; Family                             ; Cyclone IV E                                ;
; Device                             ; EP4CE6E22C8                                 ;
; Timing Models                      ; Final                                       ;
; Total logic elements               ; 3,033 / 6,272 ( 48 % )                      ;
;     Total combinational functions  ; 2,577 / 6,272 ( 41 % )                      ;
;     Dedicated logic registers      ; 1,442 / 6,272 ( 23 % )                      ;
; Total registers                    ; 1442                                        ;
; Total pins                         ; 17 / 92 ( 18 % )                            ;
; Total virtual pins                 ; 0                                           ;
; Total memory bits                  ; 16,384 / 276,480 ( 6 % )                    ;
; Embedded Multiplier 9-bit elements ; 0 / 30 ( 0 % )                              ;
; Total PLLs                         ; 0 / 2 ( 0 % )                               ;
+------------------------------------+---------------------------------------------+


+----------------------------------------------+
; Flow Settings                                ;
+-------------------+--------------------------+
; Option            ; Setting                  ;
+-------------------+--------------------------+
; Start date & time ; 08/26/2022 03:44:52      ;
; Main task         ; Compilation              ;
; Revision Name     ; RISC-V-Single-Cycle-VHDL ;
+-------------------+--------------------------+


+------------------------------------------------------------------------------------------------------------------------------------+
; Flow Non-Default Global Settings                                                                                                   ;
+-------------------------------------+----------------------------------------+--------------------------+-------------+------------+
; Assignment Name                     ; Value                                  ; Default Value            ; Entity Name ; Section Id ;
+-------------------------------------+----------------------------------------+--------------------------+-------------+------------+
; COMPILER_SIGNATURE_ID               ; 71072261609876.166146029122412         ; --                       ; --          ; --         ;
; MAX_CORE_JUNCTION_TEMP              ; 85                                     ; --                       ; --          ; --         ;
; MIN_CORE_JUNCTION_TEMP              ; 0                                      ; --                       ; --          ; --         ;
; NOMINAL_CORE_SUPPLY_VOLTAGE         ; 1.2V                                   ; --                       ; --          ; --         ;
; PARTITION_COLOR                     ; -- (Not supported for targeted family) ; --                       ; top         ; Top        ;
; PARTITION_FITTER_PRESERVATION_LEVEL ; -- (Not supported for targeted family) ; --                       ; top         ; Top        ;
; PARTITION_NETLIST_TYPE              ; -- (Not supported for targeted family) ; --                       ; top         ; Top        ;
; PROJECT_OUTPUT_DIRECTORY            ; output_files                           ; --                       ; --          ; --         ;
; TOP_LEVEL_ENTITY                    ; top                                    ; RISC-V-Single-Cycle-VHDL ; --          ; --         ;
+-------------------------------------+----------------------------------------+--------------------------+-------------+------------+


+--------------------------------------------------------------------------------------------------------------------------+
; Flow Elapsed Time                                                                                                        ;
+----------------------+--------------+-------------------------+---------------------+------------------------------------+
; Module Name          ; Elapsed Time ; Average Processors Used ; Peak Virtual Memory ; Total CPU Time (on all processors) ;
+----------------------+--------------+-------------------------+---------------------+------------------------------------+
; Analysis & Synthesis ; 00:00:30     ; 1.0                     ; 4869 MB             ; 00:00:45                           ;
; Fitter               ; 00:00:43     ; 1.3                     ; 6148 MB             ; 00:01:12                           ;
; Assembler            ; 00:00:02     ; 1.0                     ; 4680 MB             ; 00:00:02                           ;
; Timing Analyzer      ; 00:00:08     ; 1.8                     ; 4904 MB             ; 00:00:09                           ;
; Total                ; 00:01:23     ; --                      ; --                  ; 00:02:08                           ;
+----------------------+--------------+-------------------------+---------------------+------------------------------------+


+------------------------------------------------------------------------------------+
; Flow OS Summary                                                                    ;
+----------------------+------------------+------------+------------+----------------+
; Module Name          ; Machine Hostname ; OS Name    ; OS Version ; Processor type ;
+----------------------+------------------+------------+------------+----------------+
; Analysis & Synthesis ; DESKTOP-EMQQCHJ  ; Windows 10 ; 10.0       ; x86_64         ;
; Fitter               ; DESKTOP-EMQQCHJ  ; Windows 10 ; 10.0       ; x86_64         ;
; Assembler            ; DESKTOP-EMQQCHJ  ; Windows 10 ; 10.0       ; x86_64         ;
; Timing Analyzer      ; DESKTOP-EMQQCHJ  ; Windows 10 ; 10.0       ; x86_64         ;
+----------------------+------------------+------------+------------+----------------+


------------
; Flow Log ;
------------
quartus_map --read_settings_files=on --write_settings_files=off RISC-V-Single-Cycle-VHDL -c RISC-V-Single-Cycle-VHDL
quartus_fit --read_settings_files=off --write_settings_files=off RISC-V-Single-Cycle-VHDL -c RISC-V-Single-Cycle-VHDL
quartus_asm --read_settings_files=off --write_settings_files=off RISC-V-Single-Cycle-VHDL -c RISC-V-Single-Cycle-VHDL
quartus_sta RISC-V-Single-Cycle-VHDL -c RISC-V-Single-Cycle-VHDL



